<?xml version="1.0" encoding="utf-8"?><testsuites><testsuite name="pytest" errors="0" failures="1" skipped="0" tests="3" time="0.109" timestamp="2021-05-07T12:55:22.041783" hostname="DESKTOP-5KC2J92"><testcase classname="testcases.alltests.TestAddFishToAquarium" name="test_add_fish_to_aquarium_success" time="0.002"><failure message="AssertionError: {'tank_a': ['shark', 'tuna']} != {'tank_a': ['rabbit']}&#10;- {'tank_a': ['shark', 'tuna']}&#10;+ {'tank_a': ['rabbit']}">self = &lt;alltests.TestAddFishToAquarium testMethod=test_add_fish_to_aquarium_success&gt;

    def test_add_fish_to_aquarium_success(self):
        actual = add_fish_to_aquarium(fish_list=["shark", "tuna"])
        expected = {"tank_a": ["rabbit"]}
&gt;       self.assertEqual(actual, expected)
E       AssertionError: {'tank_a': ['shark', 'tuna']} != {'tank_a': ['rabbit']}
E       - {'tank_a': ['shark', 'tuna']}
E       + {'tank_a': ['rabbit']}

testcases\alltests.py:45: AssertionError</failure></testcase><testcase classname="testcases.alltests.TestFishTank" name="test_fish_tank_can_be_filled" time="0.001" /><testcase classname="testcases.alltests.TestFishTank" name="test_fish_tank_empty_by_default" time="0.001" /></testsuite></testsuites>